<?xml version="1.0" encoding="UTF-8"?>
<testsuite name="com.web.futureroi.FutureroiApplicationTests" tests="1" skipped="0" failures="0" errors="0" timestamp="2023-07-12T05:26:08" hostname="noahui-MacBookPro.local" time="41.425">
  <properties/>
  <testcase name="contextLoads()" classname="com.web.futureroi.FutureroiApplicationTests" time="41.425"/>
  <system-out><![CDATA[14:26:01.705 [Test worker] INFO org.springframework.test.context.support.AnnotationConfigContextLoaderUtils -- Could not detect default configuration classes for test class [com.web.futureroi.FutureroiApplicationTests]: FutureroiApplicationTests does not declare any static, non-private, non-final, nested classes annotated with @Configuration.
14:26:01.836 [Test worker] INFO org.springframework.boot.test.context.SpringBootTestContextBootstrapper -- Found @SpringBootConfiguration com.web.futureroi.FutureroiApplication for test class com.web.futureroi.FutureroiApplicationTests
,------.          ,--.                        ,------.        ,--.
|  .---',--.,--.,-'  '-.,--.,--.,--.--. ,---. |  .--. ' ,---. `--'
|  `--, |  ||  |'-.  .-'|  ||  ||  .--'| .-. :|  '--'.'| .-. |,--.
|  |`   '  ''  '  |  |  '  ''  '|  |   \   --.|  |\  \ ' '-' '|  |
`--'     `----'   `--'   `----' `--'    `----'`--' '--' `---' `--'

 
Powered by Spring Boot 3.1.1
2023-07-12T14:26:02.348+09:00  WARN 16660 --- [    Test worker] ory$DuplicateJsonObjectContextCustomizer : 

Found multiple occurrences of org.json.JSONObject on the class path:

	jar:file:/Users/noah/.gradle/caches/modules-2/files-2.1/org.json/json/20210307/528c8df3757e8bcf151817b1d7b9b434f6aa08d5/json-20210307.jar!/org/json/JSONObject.class
	jar:file:/Users/noah/.gradle/caches/modules-2/files-2.1/com.vaadin.external.google/android-json/0.0.20131108.vaadin1/fa26d351fe62a6a17f5cda1287c1c6110dec413f/android-json-0.0.20131108.vaadin1.jar!/org/json/JSONObject.class

You may wish to exclude one of them to ensure predictable runtime behavior

2023-07-12T14:26:02.369+09:00  INFO 16660 --- [    Test worker] c.w.futureroi.FutureroiApplicationTests  : Starting FutureroiApplicationTests using Java 17.0.5 with PID 16660 (started by noah in /Users/noah/project/futureroi)
2023-07-12T14:26:02.370+09:00  INFO 16660 --- [    Test worker] c.w.futureroi.FutureroiApplicationTests  : No active profile set, falling back to 1 default profile: "default"
2023-07-12T14:26:03.173+09:00  INFO 16660 --- [    Test worker] .s.d.r.c.RepositoryConfigurationDelegate : Multiple Spring Data modules found, entering strict repository configuration mode
2023-07-12T14:26:03.173+09:00  INFO 16660 --- [    Test worker] .s.d.r.c.RepositoryConfigurationDelegate : Bootstrapping Spring Data Redis repositories in DEFAULT mode.
2023-07-12T14:26:03.210+09:00  INFO 16660 --- [    Test worker] .s.d.r.c.RepositoryConfigurationDelegate : Finished Spring Data repository scanning in 5 ms. Found 0 Redis repository interfaces.
2023-07-12T14:26:03.222+09:00  INFO 16660 --- [    Test worker] .s.d.r.c.RepositoryConfigurationDelegate : Multiple Spring Data modules found, entering strict repository configuration mode
2023-07-12T14:26:03.222+09:00  INFO 16660 --- [    Test worker] .s.d.r.c.RepositoryConfigurationDelegate : Bootstrapping Spring Data JPA repositories in DEFAULT mode.
2023-07-12T14:26:03.422+09:00  INFO 16660 --- [    Test worker] .s.d.r.c.RepositoryConfigurationDelegate : Finished Spring Data repository scanning in 197 ms. Found 4 JPA repository interfaces.
2023-07-12T14:26:03.739+09:00  INFO 16660 --- [    Test worker] .s.d.r.c.RepositoryConfigurationDelegate : Multiple Spring Data modules found, entering strict repository configuration mode
2023-07-12T14:26:03.740+09:00  INFO 16660 --- [    Test worker] .s.d.r.c.RepositoryConfigurationDelegate : Bootstrapping Spring Data Redis repositories in DEFAULT mode.
2023-07-12T14:26:03.763+09:00  INFO 16660 --- [    Test worker] .RepositoryConfigurationExtensionSupport : Spring Data Redis - Could not safely identify store assignment for repository candidate interface com.web.futureroi.repository.CodeRepository; If you want this repository to be a Redis repository, consider annotating your entities with one of these annotations: org.springframework.data.redis.core.RedisHash (preferred), or consider extending one of the following types with your repository: org.springframework.data.keyvalue.repository.KeyValueRepository
2023-07-12T14:26:03.764+09:00  INFO 16660 --- [    Test worker] .RepositoryConfigurationExtensionSupport : Spring Data Redis - Could not safely identify store assignment for repository candidate interface com.web.futureroi.repository.MemberFoodKeywordRepository; If you want this repository to be a Redis repository, consider annotating your entities with one of these annotations: org.springframework.data.redis.core.RedisHash (preferred), or consider extending one of the following types with your repository: org.springframework.data.keyvalue.repository.KeyValueRepository
2023-07-12T14:26:03.765+09:00  INFO 16660 --- [    Test worker] .RepositoryConfigurationExtensionSupport : Spring Data Redis - Could not safely identify store assignment for repository candidate interface com.web.futureroi.repository.MemberRepository; If you want this repository to be a Redis repository, consider annotating your entities with one of these annotations: org.springframework.data.redis.core.RedisHash (preferred), or consider extending one of the following types with your repository: org.springframework.data.keyvalue.repository.KeyValueRepository
2023-07-12T14:26:03.765+09:00  INFO 16660 --- [    Test worker] .RepositoryConfigurationExtensionSupport : Spring Data Redis - Could not safely identify store assignment for repository candidate interface com.web.futureroi.repository.NoticeRepository; If you want this repository to be a Redis repository, consider annotating your entities with one of these annotations: org.springframework.data.redis.core.RedisHash (preferred), or consider extending one of the following types with your repository: org.springframework.data.keyvalue.repository.KeyValueRepository
2023-07-12T14:26:03.766+09:00  INFO 16660 --- [    Test worker] .s.d.r.c.RepositoryConfigurationDelegate : Finished Spring Data repository scanning in 25 ms. Found 0 Redis repository interfaces.
2023-07-12T14:26:04.190+09:00  INFO 16660 --- [    Test worker] trationDelegate$BeanPostProcessorChecker : Bean 'org.springframework.ws.config.annotation.DelegatingWsConfiguration' of type [org.springframework.ws.config.annotation.DelegatingWsConfiguration$$SpringCGLIB$$0] is not eligible for getting processed by all BeanPostProcessors (for example: not eligible for auto-proxying)
2023-07-12T14:26:04.249+09:00  INFO 16660 --- [    Test worker] .w.s.a.s.AnnotationActionEndpointMapping : Supporting [WS-Addressing August 2004, WS-Addressing 1.0]
2023-07-12T14:26:04.432+09:00  INFO 16660 --- [    Test worker] o.hibernate.jpa.internal.util.LogHelper  : HHH000204: Processing PersistenceUnitInfo [name: default]
2023-07-12T14:26:04.504+09:00  INFO 16660 --- [    Test worker] org.hibernate.Version                    : HHH000412: Hibernate ORM core version 6.2.5.Final
2023-07-12T14:26:04.506+09:00  INFO 16660 --- [    Test worker] org.hibernate.cfg.Environment            : HHH000406: Using bytecode reflection optimizer
2023-07-12T14:26:04.667+09:00  INFO 16660 --- [    Test worker] o.h.b.i.BytecodeProviderInitiator        : HHH000021: Bytecode provider name : bytebuddy
2023-07-12T14:26:04.860+09:00  INFO 16660 --- [    Test worker] o.s.o.j.p.SpringPersistenceUnitInfo      : No LoadTimeWeaver setup: ignoring JPA class transformer
2023-07-12T14:26:04.878+09:00  INFO 16660 --- [    Test worker] com.zaxxer.hikari.HikariDataSource       : HikariPool-1 - Starting...
2023-07-12T14:26:05.270+09:00  INFO 16660 --- [    Test worker] com.zaxxer.hikari.pool.HikariPool        : HikariPool-1 - Added connection com.mysql.cj.jdbc.ConnectionImpl@61bd0845
2023-07-12T14:26:05.272+09:00  INFO 16660 --- [    Test worker] com.zaxxer.hikari.HikariDataSource       : HikariPool-1 - Start completed.
2023-07-12T14:26:05.387+09:00 DEBUG 16660 --- [    Test worker] o.h.t.d.sql.spi.DdlTypeRegistry          : addDescriptor(12, org.hibernate.type.descriptor.sql.internal.CapacityDependentDdlType@4895e8f6) replaced previous registration(org.hibernate.type.descriptor.sql.internal.CapacityDependentDdlType@62808e9e)
2023-07-12T14:26:05.387+09:00 DEBUG 16660 --- [    Test worker] o.h.t.d.sql.spi.DdlTypeRegistry          : addDescriptor(-9, org.hibernate.type.descriptor.sql.internal.CapacityDependentDdlType@58b03029) replaced previous registration(org.hibernate.type.descriptor.sql.internal.CapacityDependentDdlType@539dd2d0)
2023-07-12T14:26:05.388+09:00 DEBUG 16660 --- [    Test worker] o.h.t.d.sql.spi.DdlTypeRegistry          : addDescriptor(-3, org.hibernate.type.descriptor.sql.internal.CapacityDependentDdlType@3428420d) replaced previous registration(org.hibernate.type.descriptor.sql.internal.CapacityDependentDdlType@523ade68)
2023-07-12T14:26:05.388+09:00 DEBUG 16660 --- [    Test worker] o.h.t.d.sql.spi.DdlTypeRegistry          : addDescriptor(4003, org.hibernate.type.descriptor.sql.internal.DdlTypeImpl@b529d7e) replaced previous registration(org.hibernate.type.descriptor.sql.internal.DdlTypeImpl@3664c596)
2023-07-12T14:26:05.388+09:00 DEBUG 16660 --- [    Test worker] o.h.t.d.sql.spi.DdlTypeRegistry          : addDescriptor(4001, org.hibernate.type.descriptor.sql.internal.DdlTypeImpl@40aad17d) replaced previous registration(org.hibernate.type.descriptor.sql.internal.DdlTypeImpl@44e79e9e)
2023-07-12T14:26:05.388+09:00 DEBUG 16660 --- [    Test worker] o.h.t.d.sql.spi.DdlTypeRegistry          : addDescriptor(4002, org.hibernate.type.descriptor.sql.internal.DdlTypeImpl@5bc14211) replaced previous registration(org.hibernate.type.descriptor.sql.internal.DdlTypeImpl@4b99648a)
2023-07-12T14:26:05.388+09:00 DEBUG 16660 --- [    Test worker] o.h.t.d.sql.spi.DdlTypeRegistry          : addDescriptor(2004, org.hibernate.type.descriptor.sql.internal.CapacityDependentDdlType@5d2e65bd) replaced previous registration(org.hibernate.type.descriptor.sql.internal.DdlTypeImpl@254513e8)
2023-07-12T14:26:05.389+09:00 DEBUG 16660 --- [    Test worker] o.h.t.d.sql.spi.DdlTypeRegistry          : addDescriptor(2005, org.hibernate.type.descriptor.sql.internal.CapacityDependentDdlType@74450c9b) replaced previous registration(org.hibernate.type.descriptor.sql.internal.DdlTypeImpl@74f89bad)
2023-07-12T14:26:05.389+09:00 DEBUG 16660 --- [    Test worker] o.h.t.d.sql.spi.DdlTypeRegistry          : addDescriptor(2011, org.hibernate.type.descriptor.sql.internal.CapacityDependentDdlType@5ad50b02) replaced previous registration(org.hibernate.type.descriptor.sql.internal.DdlTypeImpl@570299e3)
2023-07-12T14:26:05.645+09:00  INFO 16660 --- [    Test worker] o.h.b.i.BytecodeProviderInitiator        : HHH000021: Bytecode provider name : bytebuddy
2023-07-12T14:26:06.537+09:00  INFO 16660 --- [    Test worker] o.h.e.t.j.p.i.JtaPlatformInitiator       : HHH000490: Using JtaPlatform implementation: [org.hibernate.engine.transaction.jta.platform.internal.NoJtaPlatform]
2023-07-12T14:26:06.541+09:00  INFO 16660 --- [    Test worker] j.LocalContainerEntityManagerFactoryBean : Initialized JPA EntityManagerFactory for persistence unit 'default'
2023-07-12T14:26:07.537+09:00  WARN 16660 --- [    Test worker] JpaBaseConfiguration$JpaWebConfiguration : spring.jpa.open-in-view is enabled by default. Therefore, database queries may be performed during view rendering. Explicitly configure spring.jpa.open-in-view to disable this warning
2023-07-12T14:26:07.680+09:00  INFO 16660 --- [    Test worker] o.s.s.web.DefaultSecurityFilterChain     : Will secure any request with [org.springframework.security.web.session.DisableEncodeUrlFilter@66d9c846, org.springframework.security.web.context.request.async.WebAsyncManagerIntegrationFilter@2b6d9650, org.springframework.security.web.context.SecurityContextHolderFilter@3a2b1f24, org.springframework.security.web.header.HeaderWriterFilter@521032a6, org.springframework.web.filter.CorsFilter@2287bbd1, org.springframework.security.web.authentication.logout.LogoutFilter@7be95197, com.web.futureroi.jwt.JwtAuthenticationFilter@41a6cd9e, org.springframework.security.web.savedrequest.RequestCacheAwareFilter@1314ccc1, org.springframework.security.web.servletapi.SecurityContextHolderAwareRequestFilter@5988e36e, org.springframework.security.web.authentication.AnonymousAuthenticationFilter@6915b614, org.springframework.security.web.session.SessionManagementFilter@24032706, org.springframework.security.web.access.ExceptionTranslationFilter@d65ba64, org.springframework.security.web.access.intercept.AuthorizationFilter@5da20b76]
2023-07-12T14:26:08.572+09:00  INFO 16660 --- [    Test worker] c.w.futureroi.FutureroiApplicationTests  : Started FutureroiApplicationTests in 6.56 seconds (process running for 7.977)
gwon7210@naver.com
]]></system-out>
  <system-err><![CDATA[]]></system-err>
</testsuite>
